android/pua-control/app/build/intermediates/manifest_merge_blame_file/debug/processDebugMainManifest/manifest-merger-blame-debug-report.txt
1<?xml version="1.0" encoding="utf-8"?>
2<manifest xmlns:android="http://schemas.android.com/apk/res/android"
3    package="com.phoneuse.control"
4    android:versionCode="1"
5    android:versionName="0.1.0" >
6
7    <uses-sdk
8        android:minSdkVersion="26"
9        android:targetSdkVersion="34" />
10
11    <application
11-->src/main/AndroidManifest.xml:3:5-48:19
12        android:allowBackup="false"
12-->src/main/AndroidManifest.xml:4:9-36
13        android:debuggable="true"
14        android:extractNativeLibs="false"
15        android:label="@string/app_name"
15-->src/main/AndroidManifest.xml:5:9-41
16        android:theme="@android:style/Theme.Material.NoActionBar" >
16-->src/main/AndroidManifest.xml:6:9-66
17        <service
17-->src/main/AndroidManifest.xml:7:9-18:19
18            android:name="com.phoneuse.control.PuaAccessibilityService"
18-->src/main/AndroidManifest.xml:8:13-52
19            android:exported="true"
19-->src/main/AndroidManifest.xml:9:13-36
20            android:label="@string/accessibility_service_label"
20-->src/main/AndroidManifest.xml:10:13-64
21            android:permission="android.permission.BIND_ACCESSIBILITY_SERVICE" >
21-->src/main/AndroidManifest.xml:11:13-79
22            <intent-filter>
22-->src/main/AndroidManifest.xml:12:13-14:29
23                <action android:name="android.accessibilityservice.AccessibilityService" />
23-->src/main/AndroidManifest.xml:13:17-92
23-->src/main/AndroidManifest.xml:13:25-89
24            </intent-filter>
25
26            <meta-data
26-->src/main/AndroidManifest.xml:15:13-17:65
27                android:name="android.accessibilityservice"
27-->src/main/AndroidManifest.xml:16:17-60
28                android:resource="@xml/accessibility_service" />
28-->src/main/AndroidManifest.xml:17:17-62
29        </service>
30        <service
30-->src/main/AndroidManifest.xml:20:9-28:19
31            android:name="com.phoneuse.control.PuaNotificationListenerService"
31-->src/main/AndroidManifest.xml:21:13-59
32            android:exported="true"
32-->src/main/AndroidManifest.xml:22:13-36
33            android:label="@string/notification_listener_label"
33-->src/main/AndroidManifest.xml:23:13-64
34            android:permission="android.permission.BIND_NOTIFICATION_LISTENER_SERVICE" >
34-->src/main/AndroidManifest.xml:24:13-87
35            <intent-filter>
35-->src/main/AndroidManifest.xml:25:13-27:29
36                <action android:name="android.service.notification.NotificationListenerService" />
36-->src/main/AndroidManifest.xml:26:17-99
36-->src/main/AndroidManifest.xml:26:25-96
37            </intent-filter>
38        </service>
39
40        <receiver
40-->src/main/AndroidManifest.xml:30:9-47:20
41            android:name="com.phoneuse.control.CommandReceiver"
41-->src/main/AndroidManifest.xml:31:13-44
42            android:exported="true" >
42-->src/main/AndroidManifest.xml:32:13-36
43            <intent-filter>
43-->src/main/AndroidManifest.xml:33:13-46:29
44                <action android:name="com.phoneuse.control.CLICK" />
44-->src/main/AndroidManifest.xml:34:17-69
44-->src/main/AndroidManifest.xml:34:25-66
45                <action android:name="com.phoneuse.control.CLICK_ID" />
45-->src/main/AndroidManifest.xml:35:17-72
45-->src/main/AndroidManifest.xml:35:25-69
46                <action android:name="com.phoneuse.control.SET_TEXT" />
46-->src/main/AndroidManifest.xml:36:17-72
46-->src/main/AndroidManifest.xml:36:25-69
47                <action android:name="com.phoneuse.control.SET_FOCUSED_TEXT" />
47-->src/main/AndroidManifest.xml:37:17-80
47-->src/main/AndroidManifest.xml:37:25-77
48                <action android:name="com.phoneuse.control.DUMP" />
48-->src/main/AndroidManifest.xml:38:17-68
48-->src/main/AndroidManifest.xml:38:25-65
49                <action android:name="com.phoneuse.control.EVENTS" />
49-->src/main/AndroidManifest.xml:39:17-70
49-->src/main/AndroidManifest.xml:39:25-67
50                <action android:name="com.phoneuse.control.CLEAR_EVENTS" />
50-->src/main/AndroidManifest.xml:40:17-76
50-->src/main/AndroidManifest.xml:40:25-73
51                <action android:name="com.phoneuse.control.NOTIFICATIONS" />
51-->src/main/AndroidManifest.xml:41:17-77
51-->src/main/AndroidManifest.xml:41:25-74
52                <action android:name="com.phoneuse.control.OPEN_NOTIFICATION" />
52-->src/main/AndroidManifest.xml:42:17-81
52-->src/main/AndroidManifest.xml:42:25-78
53                <action android:name="com.phoneuse.control.LAUNCH" />
53-->src/main/AndroidManifest.xml:43:17-70
53-->src/main/AndroidManifest.xml:43:25-67
54                <action android:name="com.phoneuse.control.OPEN_URL" />
54-->src/main/AndroidManifest.xml:44:17-72
54-->src/main/AndroidManifest.xml:44:25-69
55                <action android:name="com.phoneuse.control.GLOBAL_ACTION" />
55-->src/main/AndroidManifest.xml:45:17-77
55-->src/main/AndroidManifest.xml:45:25-74
56            </intent-filter>
57        </receiver>
58    </application>
59
60</manifest>